<?xml version="1.0" encoding="UTF-8"?>
<testng-results skipped="8" failed="1" total="16" passed="7">
  <reporter-output>
  </reporter-output>
  <suite name="auto test framework tests" duration-ms="308792" started-at="2013-10-09T19:59:17Z" finished-at="2013-10-09T20:04:26Z">
    <groups>
    </groups>
    <test name="chrome" duration-ms="520" started-at="2013-10-09T19:59:17Z" finished-at="2013-10-09T19:59:18Z">
      <class name="Tests">
        <test-method status="FAIL" signature="setUp(java.lang.String, java.lang.String, java.lang.String)[pri:0, instance:Tests@44215571]" name="setUp" is-config="true" duration-ms="0" started-at="2013-10-09T23:59:17Z" finished-at="2013-10-09T23:59:17Z">
          <params>
            <param index="0">
              <value>
                <![CDATA[chrome]]>
              </value>
            </param>
            <param index="1">
              <value>
                <![CDATA[http://localhost:4444/wd/hub]]>
              </value>
            </param>
            <param index="2">
              <value>
                <![CDATA[http://go.mail.ru]]>
              </value>
            </param>
          </params>
          <exception class="org.openqa.selenium.WebDriverException">
            <message>
              <![CDATA[The path to the driver executable must be set by the webdriver.chrome.driver system property; for more information, see http://code.google.com/p/selenium/wiki/ChromeDriver. The latest version can be downloaded from http://code.google.com/p/chromedriver/downloads/list
Command duration or timeout: 133 milliseconds
Build info: version: '2.35.0', revision: '8df0c6bedf70ff9f22c647788f9fe9c8d22210e2', time: '2013-08-17 12:46:41'
System info: os.name: 'Linux', os.arch: 'amd64', os.version: '3.11.1-031101-generic', java.version: '1.7.0_25'
Driver info: org.openqa.selenium.remote.RemoteWebDriver]]>
            </message>
            <full-stacktrace>
              <![CDATA[org.openqa.selenium.WebDriverException: The path to the driver executable must be set by the webdriver.chrome.driver system property; for more information, see http://code.google.com/p/selenium/wiki/ChromeDriver. The latest version can be downloaded from http://code.google.com/p/chromedriver/downloads/list
Command duration or timeout: 133 milliseconds
Build info: version: '2.35.0', revision: '8df0c6bedf70ff9f22c647788f9fe9c8d22210e2', time: '2013-08-17 12:46:41'
System info: os.name: 'Linux', os.arch: 'amd64', os.version: '3.11.1-031101-generic', java.version: '1.7.0_25'
Driver info: org.openqa.selenium.remote.RemoteWebDriver
	at sun.reflect.NativeConstructorAccessorImpl.newInstance0(Native Method)
	at sun.reflect.NativeConstructorAccessorImpl.newInstance(NativeConstructorAccessorImpl.java:57)
	at sun.reflect.DelegatingConstructorAccessorImpl.newInstance(DelegatingConstructorAccessorImpl.java:45)
	at java.lang.reflect.Constructor.newInstance(Constructor.java:526)
	at org.openqa.selenium.remote.ErrorHandler.createThrowable(ErrorHandler.java:191)
	at org.openqa.selenium.remote.ErrorHandler.throwIfResponseFailed(ErrorHandler.java:145)
	at org.openqa.selenium.remote.RemoteWebDriver.execute(RemoteWebDriver.java:554)
	at org.openqa.selenium.remote.RemoteWebDriver.startSession(RemoteWebDriver.java:216)
	at org.openqa.selenium.remote.RemoteWebDriver.<init>(RemoteWebDriver.java:111)
	at org.openqa.selenium.remote.RemoteWebDriver.<init>(RemoteWebDriver.java:129)
	at Tests.setUp(Tests.java:25)
	at sun.reflect.NativeMethodAccessorImpl.invoke0(Native Method)
	at sun.reflect.NativeMethodAccessorImpl.invoke(NativeMethodAccessorImpl.java:57)
	at sun.reflect.DelegatingMethodAccessorImpl.invoke(DelegatingMethodAccessorImpl.java:43)
	at java.lang.reflect.Method.invoke(Method.java:606)
	at org.testng.internal.MethodInvocationHelper.invokeMethod(MethodInvocationHelper.java:84)
	at org.testng.internal.Invoker.invokeConfigurationMethod(Invoker.java:564)
	at org.testng.internal.Invoker.invokeConfigurations(Invoker.java:213)
	at org.testng.internal.Invoker.invokeMethod(Invoker.java:653)
	at org.testng.internal.Invoker.invokeTestMethod(Invoker.java:901)
	at org.testng.internal.Invoker.invokeTestMethods(Invoker.java:1231)
	at org.testng.internal.TestMethodWorker.invokeTestMethods(TestMethodWorker.java:127)
	at org.testng.internal.TestMethodWorker.run(TestMethodWorker.java:111)
	at org.testng.TestRunner.privateRun(TestRunner.java:767)
	at org.testng.TestRunner.run(TestRunner.java:617)
	at org.testng.SuiteRunner.runTest(SuiteRunner.java:334)
	at org.testng.SuiteRunner.access$000(SuiteRunner.java:37)
	at org.testng.SuiteRunner$SuiteWorker.run(SuiteRunner.java:368)
	at org.testng.internal.thread.ThreadUtil$2.call(ThreadUtil.java:64)
	at java.util.concurrent.FutureTask$Sync.innerRun(FutureTask.java:334)
	at java.util.concurrent.FutureTask.run(FutureTask.java:166)
	at java.util.concurrent.ThreadPoolExecutor.runWorker(ThreadPoolExecutor.java:1145)
	at java.util.concurrent.ThreadPoolExecutor$Worker.run(ThreadPoolExecutor.java:615)
	at java.lang.Thread.run(Thread.java:724)
Caused by: java.lang.IllegalStateException: The path to the driver executable must be set by the webdriver.chrome.driver system property; for more information, see http://code.google.com/p/selenium/wiki/ChromeDriver. The latest version can be downloaded from http://code.google.com/p/chromedriver/downloads/list
	at com.google.common.base.Preconditions.checkState(Preconditions.java:176)
	at org.openqa.selenium.remote.service.DriverService.findExecutable(DriverService.java:105)
	at org.openqa.selenium.chrome.ChromeDriverService.createDefaultService(ChromeDriverService.java:75)
	at org.openqa.selenium.chrome.ChromeDriver.<init>(ChromeDriver.java:129)
	at sun.reflect.NativeConstructorAccessorImpl.newInstance0(Native Method)
	at sun.reflect.NativeConstructorAccessorImpl.newInstance(NativeConstructorAccessorImpl.java:57)
	at sun.reflect.DelegatingConstructorAccessorImpl.newInstance(DelegatingConstructorAccessorImpl.java:45)
	at java.lang.reflect.Constructor.newInstance(Constructor.java:526)
	at org.openqa.selenium.remote.server.DefaultDriverFactory.callConstructor(DefaultDriverFactory.java:62)
	at org.openqa.selenium.remote.server.DefaultDriverFactory.newInstance(DefaultDriverFactory.java:56)
	at org.openqa.selenium.remote.server.DefaultSession$BrowserCreator.call(DefaultSession.java:215)
	at org.openqa.selenium.remote.server.DefaultSession$BrowserCreator.call(DefaultSession.java:1)
	at java.util.concurrent.FutureTask$Sync.innerRun(FutureTask.java:334)
	at java.util.concurrent.FutureTask.run(FutureTask.java:166)
	at org.openqa.selenium.remote.server.DefaultSession$1.run(DefaultSession.java:169)
	... 3 more
]]>
            </full-stacktrace>
          </exception> <!-- org.openqa.selenium.WebDriverException -->
          <reporter-output>
          </reporter-output>
        </test-method> <!-- setUp -->
        <test-method status="SKIP" signature="SanityTest()[pri:0, instance:Tests@44215571]" name="SanityTest" duration-ms="1" started-at="2013-10-09T23:59:18Z" finished-at="2013-10-09T23:59:18Z">
          <reporter-output>
          </reporter-output>
        </test-method> <!-- SanityTest -->
        <test-method status="SKIP" signature="tearDown()[pri:0, instance:Tests@44215571]" name="tearDown" is-config="true" duration-ms="0" started-at="2013-10-09T23:59:18Z" finished-at="2013-10-09T23:59:18Z">
          <reporter-output>
          </reporter-output>
        </test-method> <!-- tearDown -->
        <test-method status="SKIP" signature="setUp(java.lang.String, java.lang.String, java.lang.String)[pri:0, instance:Tests@44215571]" name="setUp" is-config="true" duration-ms="0" started-at="2013-10-09T23:59:18Z" finished-at="2013-10-09T23:59:18Z">
          <reporter-output>
          </reporter-output>
        </test-method> <!-- setUp -->
        <test-method status="SKIP" signature="tearDown()[pri:0, instance:Tests@44215571]" name="tearDown" is-config="true" duration-ms="0" started-at="2013-10-09T23:59:18Z" finished-at="2013-10-09T23:59:18Z">
          <reporter-output>
          </reporter-output>
        </test-method> <!-- tearDown -->
        <test-method status="SKIP" signature="changeCityTest()[pri:0, instance:Tests@44215571]" name="changeCityTest" duration-ms="0" started-at="2013-10-09T23:59:18Z" finished-at="2013-10-09T23:59:18Z">
          <reporter-output>
          </reporter-output>
        </test-method> <!-- changeCityTest -->
        <test-method status="SKIP" signature="setUp(java.lang.String, java.lang.String, java.lang.String)[pri:0, instance:Tests@44215571]" name="setUp" is-config="true" duration-ms="0" started-at="2013-10-09T23:59:18Z" finished-at="2013-10-09T23:59:18Z">
          <reporter-output>
          </reporter-output>
        </test-method> <!-- setUp -->
        <test-method status="SKIP" signature="citySunriseTest()[pri:0, instance:Tests@44215571]" name="citySunriseTest" duration-ms="0" started-at="2013-10-09T23:59:18Z" finished-at="2013-10-09T23:59:18Z">
          <reporter-output>
          </reporter-output>
        </test-method> <!-- citySunriseTest -->
        <test-method status="SKIP" signature="tearDown()[pri:0, instance:Tests@44215571]" name="tearDown" is-config="true" duration-ms="0" started-at="2013-10-09T23:59:18Z" finished-at="2013-10-09T23:59:18Z">
          <reporter-output>
          </reporter-output>
        </test-method> <!-- tearDown -->
        <test-method status="SKIP" signature="complexWorkTest()[pri:0, instance:Tests@44215571]" name="complexWorkTest" duration-ms="0" started-at="2013-10-09T23:59:18Z" finished-at="2013-10-09T23:59:18Z">
          <reporter-output>
          </reporter-output>
        </test-method> <!-- complexWorkTest -->
        <test-method status="SKIP" signature="setUp(java.lang.String, java.lang.String, java.lang.String)[pri:0, instance:Tests@44215571]" name="setUp" is-config="true" duration-ms="0" started-at="2013-10-09T23:59:18Z" finished-at="2013-10-09T23:59:18Z">
          <reporter-output>
          </reporter-output>
        </test-method> <!-- setUp -->
        <test-method status="SKIP" signature="tearDown()[pri:0, instance:Tests@44215571]" name="tearDown" is-config="true" duration-ms="0" started-at="2013-10-09T23:59:18Z" finished-at="2013-10-09T23:59:18Z">
          <reporter-output>
          </reporter-output>
        </test-method> <!-- tearDown -->
        <test-method status="SKIP" signature="dateSunriseTest()[pri:0, instance:Tests@44215571]" name="dateSunriseTest" duration-ms="1" started-at="2013-10-09T23:59:18Z" finished-at="2013-10-09T23:59:18Z">
          <reporter-output>
          </reporter-output>
        </test-method> <!-- dateSunriseTest -->
        <test-method status="SKIP" signature="setUp(java.lang.String, java.lang.String, java.lang.String)[pri:0, instance:Tests@44215571]" name="setUp" is-config="true" duration-ms="0" started-at="2013-10-09T23:59:18Z" finished-at="2013-10-09T23:59:18Z">
          <reporter-output>
          </reporter-output>
        </test-method> <!-- setUp -->
        <test-method status="SKIP" signature="tearDown()[pri:0, instance:Tests@44215571]" name="tearDown" is-config="true" duration-ms="0" started-at="2013-10-09T23:59:18Z" finished-at="2013-10-09T23:59:18Z">
          <reporter-output>
          </reporter-output>
        </test-method> <!-- tearDown -->
        <test-method status="SKIP" signature="setUp(java.lang.String, java.lang.String, java.lang.String)[pri:0, instance:Tests@44215571]" name="setUp" is-config="true" duration-ms="0" started-at="2013-10-09T23:59:18Z" finished-at="2013-10-09T23:59:18Z">
          <reporter-output>
          </reporter-output>
        </test-method> <!-- setUp -->
        <test-method status="SKIP" signature="datedefinitionSunriseTest()[pri:0, instance:Tests@44215571]" name="datedefinitionSunriseTest" duration-ms="0" started-at="2013-10-09T23:59:18Z" finished-at="2013-10-09T23:59:18Z">
          <reporter-output>
          </reporter-output>
        </test-method> <!-- datedefinitionSunriseTest -->
        <test-method status="SKIP" signature="tearDown()[pri:0, instance:Tests@44215571]" name="tearDown" is-config="true" duration-ms="0" started-at="2013-10-09T23:59:18Z" finished-at="2013-10-09T23:59:18Z">
          <reporter-output>
          </reporter-output>
        </test-method> <!-- tearDown -->
        <test-method status="SKIP" signature="setUp(java.lang.String, java.lang.String, java.lang.String)[pri:0, instance:Tests@44215571]" name="setUp" is-config="true" duration-ms="0" started-at="2013-10-09T23:59:18Z" finished-at="2013-10-09T23:59:18Z">
          <reporter-output>
          </reporter-output>
        </test-method> <!-- setUp -->
        <test-method status="SKIP" signature="suggestsCityTest()[pri:0, instance:Tests@44215571]" name="suggestsCityTest" duration-ms="0" started-at="2013-10-09T23:59:18Z" finished-at="2013-10-09T23:59:18Z">
          <reporter-output>
          </reporter-output>
        </test-method> <!-- suggestsCityTest -->
        <test-method status="SKIP" signature="tearDown()[pri:0, instance:Tests@44215571]" name="tearDown" is-config="true" duration-ms="0" started-at="2013-10-09T23:59:18Z" finished-at="2013-10-09T23:59:18Z">
          <reporter-output>
          </reporter-output>
        </test-method> <!-- tearDown -->
        <test-method status="SKIP" signature="suggestsTest()[pri:0, instance:Tests@44215571]" name="suggestsTest" duration-ms="1" started-at="2013-10-09T23:59:18Z" finished-at="2013-10-09T23:59:18Z">
          <reporter-output>
          </reporter-output>
        </test-method> <!-- suggestsTest -->
        <test-method status="SKIP" signature="setUp(java.lang.String, java.lang.String, java.lang.String)[pri:0, instance:Tests@44215571]" name="setUp" is-config="true" duration-ms="0" started-at="2013-10-09T23:59:18Z" finished-at="2013-10-09T23:59:18Z">
          <reporter-output>
          </reporter-output>
        </test-method> <!-- setUp -->
        <test-method status="SKIP" signature="tearDown()[pri:0, instance:Tests@44215571]" name="tearDown" is-config="true" duration-ms="0" started-at="2013-10-09T23:59:18Z" finished-at="2013-10-09T23:59:18Z">
          <reporter-output>
          </reporter-output>
        </test-method> <!-- tearDown -->
      </class> <!-- Tests -->
    </test> <!-- chrome -->
    <test name="firefox" duration-ms="308792" started-at="2013-10-09T19:59:17Z" finished-at="2013-10-09T20:04:26Z">
      <class name="Tests">
        <test-method status="PASS" signature="setUp(java.lang.String, java.lang.String, java.lang.String)[pri:0, instance:Tests@3f75c03e]" name="setUp" is-config="true" duration-ms="27372" started-at="2013-10-09T23:59:17Z" finished-at="2013-10-09T23:59:44Z">
          <params>
            <param index="0">
              <value>
                <![CDATA[firefox]]>
              </value>
            </param>
            <param index="1">
              <value>
                <![CDATA[http://localhost:4444/wd/hub]]>
              </value>
            </param>
            <param index="2">
              <value>
                <![CDATA[http://go.mail.ru]]>
              </value>
            </param>
          </params>
          <reporter-output>
          </reporter-output>
        </test-method> <!-- setUp -->
        <test-method status="PASS" signature="SanityTest()[pri:0, instance:Tests@3f75c03e]" name="SanityTest" duration-ms="1818" started-at="2013-10-09T23:59:44Z" finished-at="2013-10-09T23:59:46Z">
          <reporter-output>
          </reporter-output>
        </test-method> <!-- SanityTest -->
        <test-method status="PASS" signature="tearDown()[pri:0, instance:Tests@3f75c03e]" name="tearDown" is-config="true" duration-ms="76" started-at="2013-10-09T23:59:46Z" finished-at="2013-10-09T23:59:46Z">
          <reporter-output>
          </reporter-output>
        </test-method> <!-- tearDown -->
        <test-method status="PASS" signature="setUp(java.lang.String, java.lang.String, java.lang.String)[pri:0, instance:Tests@3f75c03e]" name="setUp" is-config="true" duration-ms="22427" started-at="2013-10-09T23:59:46Z" finished-at="2013-10-10T00:00:09Z">
          <params>
            <param index="0">
              <value>
                <![CDATA[firefox]]>
              </value>
            </param>
            <param index="1">
              <value>
                <![CDATA[http://localhost:4444/wd/hub]]>
              </value>
            </param>
            <param index="2">
              <value>
                <![CDATA[http://go.mail.ru]]>
              </value>
            </param>
          </params>
          <reporter-output>
          </reporter-output>
        </test-method> <!-- setUp -->
        <test-method status="FAIL" signature="changeCityTest()[pri:0, instance:Tests@3f75c03e]" name="changeCityTest" duration-ms="45704" started-at="2013-10-10T00:00:09Z" finished-at="2013-10-10T00:00:55Z">
          <exception class="java.lang.AssertionError">
            <message>
              <![CDATA[expected [Тамбов] but found [Москва]]]>
            </message>
            <full-stacktrace>
              <![CDATA[java.lang.AssertionError: expected [Тамбов] but found [Москва]
	at org.testng.Assert.fail(Assert.java:94)
	at org.testng.Assert.failNotEquals(Assert.java:494)
	at org.testng.Assert.assertEquals(Assert.java:123)
	at org.testng.Assert.assertEquals(Assert.java:176)
	at org.testng.Assert.assertEquals(Assert.java:186)
	at Tests.changeCityTest(Tests.java:65)
	at sun.reflect.NativeMethodAccessorImpl.invoke0(Native Method)
	at sun.reflect.NativeMethodAccessorImpl.invoke(NativeMethodAccessorImpl.java:57)
	at sun.reflect.DelegatingMethodAccessorImpl.invoke(DelegatingMethodAccessorImpl.java:43)
	at java.lang.reflect.Method.invoke(Method.java:606)
	at org.testng.internal.MethodInvocationHelper.invokeMethod(MethodInvocationHelper.java:84)
	at org.testng.internal.Invoker.invokeMethod(Invoker.java:714)
	at org.testng.internal.Invoker.invokeTestMethod(Invoker.java:901)
	at org.testng.internal.Invoker.invokeTestMethods(Invoker.java:1231)
	at org.testng.internal.TestMethodWorker.invokeTestMethods(TestMethodWorker.java:127)
	at org.testng.internal.TestMethodWorker.run(TestMethodWorker.java:111)
	at org.testng.TestRunner.privateRun(TestRunner.java:767)
	at org.testng.TestRunner.run(TestRunner.java:617)
	at org.testng.SuiteRunner.runTest(SuiteRunner.java:334)
	at org.testng.SuiteRunner.access$000(SuiteRunner.java:37)
	at org.testng.SuiteRunner$SuiteWorker.run(SuiteRunner.java:368)
	at org.testng.internal.thread.ThreadUtil$2.call(ThreadUtil.java:64)
	at java.util.concurrent.FutureTask$Sync.innerRun(FutureTask.java:334)
	at java.util.concurrent.FutureTask.run(FutureTask.java:166)
	at java.util.concurrent.ThreadPoolExecutor.runWorker(ThreadPoolExecutor.java:1145)
	at java.util.concurrent.ThreadPoolExecutor$Worker.run(ThreadPoolExecutor.java:615)
	at java.lang.Thread.run(Thread.java:724)
]]>
            </full-stacktrace>
          </exception> <!-- java.lang.AssertionError -->
          <reporter-output>
          </reporter-output>
        </test-method> <!-- changeCityTest -->
        <test-method status="PASS" signature="tearDown()[pri:0, instance:Tests@3f75c03e]" name="tearDown" is-config="true" duration-ms="75" started-at="2013-10-10T00:00:55Z" finished-at="2013-10-10T00:00:55Z">
          <reporter-output>
          </reporter-output>
        </test-method> <!-- tearDown -->
        <test-method status="PASS" signature="setUp(java.lang.String, java.lang.String, java.lang.String)[pri:0, instance:Tests@3f75c03e]" name="setUp" is-config="true" duration-ms="16505" started-at="2013-10-10T00:00:55Z" finished-at="2013-10-10T00:01:11Z">
          <params>
            <param index="0">
              <value>
                <![CDATA[firefox]]>
              </value>
            </param>
            <param index="1">
              <value>
                <![CDATA[http://localhost:4444/wd/hub]]>
              </value>
            </param>
            <param index="2">
              <value>
                <![CDATA[http://go.mail.ru]]>
              </value>
            </param>
          </params>
          <reporter-output>
          </reporter-output>
        </test-method> <!-- setUp -->
        <test-method status="PASS" signature="citySunriseTest()[pri:0, instance:Tests@3f75c03e]" name="citySunriseTest" duration-ms="9182" started-at="2013-10-10T00:01:11Z" finished-at="2013-10-10T00:01:20Z">
          <reporter-output>
          </reporter-output>
        </test-method> <!-- citySunriseTest -->
        <test-method status="PASS" signature="tearDown()[pri:0, instance:Tests@3f75c03e]" name="tearDown" is-config="true" duration-ms="73" started-at="2013-10-10T00:01:20Z" finished-at="2013-10-10T00:01:20Z">
          <reporter-output>
          </reporter-output>
        </test-method> <!-- tearDown -->
        <test-method status="PASS" signature="setUp(java.lang.String, java.lang.String, java.lang.String)[pri:0, instance:Tests@3f75c03e]" name="setUp" is-config="true" duration-ms="17000" started-at="2013-10-10T00:01:20Z" finished-at="2013-10-10T00:01:37Z">
          <params>
            <param index="0">
              <value>
                <![CDATA[firefox]]>
              </value>
            </param>
            <param index="1">
              <value>
                <![CDATA[http://localhost:4444/wd/hub]]>
              </value>
            </param>
            <param index="2">
              <value>
                <![CDATA[http://go.mail.ru]]>
              </value>
            </param>
          </params>
          <reporter-output>
          </reporter-output>
        </test-method> <!-- setUp -->
        <test-method status="PASS" signature="complexWorkTest()[pri:0, instance:Tests@3f75c03e]" name="complexWorkTest" duration-ms="4698" started-at="2013-10-10T00:01:37Z" finished-at="2013-10-10T00:01:42Z">
          <reporter-output>
          </reporter-output>
        </test-method> <!-- complexWorkTest -->
        <test-method status="PASS" signature="tearDown()[pri:0, instance:Tests@3f75c03e]" name="tearDown" is-config="true" duration-ms="74" started-at="2013-10-10T00:01:42Z" finished-at="2013-10-10T00:01:42Z">
          <reporter-output>
          </reporter-output>
        </test-method> <!-- tearDown -->
        <test-method status="PASS" signature="setUp(java.lang.String, java.lang.String, java.lang.String)[pri:0, instance:Tests@3f75c03e]" name="setUp" is-config="true" duration-ms="20879" started-at="2013-10-10T00:01:42Z" finished-at="2013-10-10T00:02:03Z">
          <params>
            <param index="0">
              <value>
                <![CDATA[firefox]]>
              </value>
            </param>
            <param index="1">
              <value>
                <![CDATA[http://localhost:4444/wd/hub]]>
              </value>
            </param>
            <param index="2">
              <value>
                <![CDATA[http://go.mail.ru]]>
              </value>
            </param>
          </params>
          <reporter-output>
          </reporter-output>
        </test-method> <!-- setUp -->
        <test-method status="PASS" signature="dateSunriseTest()[pri:0, instance:Tests@3f75c03e]" name="dateSunriseTest" duration-ms="14755" started-at="2013-10-10T00:02:03Z" finished-at="2013-10-10T00:02:18Z">
          <reporter-output>
          </reporter-output>
        </test-method> <!-- dateSunriseTest -->
        <test-method status="PASS" signature="tearDown()[pri:0, instance:Tests@3f75c03e]" name="tearDown" is-config="true" duration-ms="73" started-at="2013-10-10T00:02:18Z" finished-at="2013-10-10T00:02:18Z">
          <reporter-output>
          </reporter-output>
        </test-method> <!-- tearDown -->
        <test-method status="PASS" signature="setUp(java.lang.String, java.lang.String, java.lang.String)[pri:0, instance:Tests@3f75c03e]" name="setUp" is-config="true" duration-ms="32071" started-at="2013-10-10T00:02:18Z" finished-at="2013-10-10T00:02:50Z">
          <params>
            <param index="0">
              <value>
                <![CDATA[firefox]]>
              </value>
            </param>
            <param index="1">
              <value>
                <![CDATA[http://localhost:4444/wd/hub]]>
              </value>
            </param>
            <param index="2">
              <value>
                <![CDATA[http://go.mail.ru]]>
              </value>
            </param>
          </params>
          <reporter-output>
          </reporter-output>
        </test-method> <!-- setUp -->
        <test-method status="PASS" signature="datedefinitionSunriseTest()[pri:0, instance:Tests@3f75c03e]" name="datedefinitionSunriseTest" duration-ms="17417" started-at="2013-10-10T00:02:50Z" finished-at="2013-10-10T00:03:07Z">
          <reporter-output>
          </reporter-output>
        </test-method> <!-- datedefinitionSunriseTest -->
        <test-method status="PASS" signature="tearDown()[pri:0, instance:Tests@3f75c03e]" name="tearDown" is-config="true" duration-ms="74" started-at="2013-10-10T00:03:07Z" finished-at="2013-10-10T00:03:07Z">
          <reporter-output>
          </reporter-output>
        </test-method> <!-- tearDown -->
        <test-method status="PASS" signature="setUp(java.lang.String, java.lang.String, java.lang.String)[pri:0, instance:Tests@3f75c03e]" name="setUp" is-config="true" duration-ms="24815" started-at="2013-10-10T00:03:07Z" finished-at="2013-10-10T00:03:32Z">
          <params>
            <param index="0">
              <value>
                <![CDATA[firefox]]>
              </value>
            </param>
            <param index="1">
              <value>
                <![CDATA[http://localhost:4444/wd/hub]]>
              </value>
            </param>
            <param index="2">
              <value>
                <![CDATA[http://go.mail.ru]]>
              </value>
            </param>
          </params>
          <reporter-output>
          </reporter-output>
        </test-method> <!-- setUp -->
        <test-method status="PASS" signature="suggestsCityTest()[pri:0, instance:Tests@3f75c03e]" name="suggestsCityTest" duration-ms="7765" started-at="2013-10-10T00:03:32Z" finished-at="2013-10-10T00:03:40Z">
          <reporter-output>
          </reporter-output>
        </test-method> <!-- suggestsCityTest -->
        <test-method status="PASS" signature="tearDown()[pri:0, instance:Tests@3f75c03e]" name="tearDown" is-config="true" duration-ms="73" started-at="2013-10-10T00:03:40Z" finished-at="2013-10-10T00:03:40Z">
          <reporter-output>
          </reporter-output>
        </test-method> <!-- tearDown -->
        <test-method status="PASS" signature="setUp(java.lang.String, java.lang.String, java.lang.String)[pri:0, instance:Tests@3f75c03e]" name="setUp" is-config="true" duration-ms="44096" started-at="2013-10-10T00:03:40Z" finished-at="2013-10-10T00:04:24Z">
          <params>
            <param index="0">
              <value>
                <![CDATA[firefox]]>
              </value>
            </param>
            <param index="1">
              <value>
                <![CDATA[http://localhost:4444/wd/hub]]>
              </value>
            </param>
            <param index="2">
              <value>
                <![CDATA[http://go.mail.ru]]>
              </value>
            </param>
          </params>
          <reporter-output>
          </reporter-output>
        </test-method> <!-- setUp -->
        <test-method status="PASS" signature="suggestsTest()[pri:0, instance:Tests@3f75c03e]" name="suggestsTest" duration-ms="1682" started-at="2013-10-10T00:04:24Z" finished-at="2013-10-10T00:04:26Z">
          <reporter-output>
          </reporter-output>
        </test-method> <!-- suggestsTest -->
        <test-method status="PASS" signature="tearDown()[pri:0, instance:Tests@3f75c03e]" name="tearDown" is-config="true" duration-ms="73" started-at="2013-10-10T00:04:26Z" finished-at="2013-10-10T00:04:26Z">
          <reporter-output>
          </reporter-output>
        </test-method> <!-- tearDown -->
      </class> <!-- Tests -->
    </test> <!-- firefox -->
  </suite> <!-- auto test framework tests -->
</testng-results>
